


ARM Macro Assembler    Page 1 


    1 00000000         ; LCD.s
    2 00000000         ; Student names: Natasha Nehra and Siobhan Madden
    3 00000000         ; Last modification date: 4/19/20
    4 00000000         
    5 00000000         ; Runs on LM4F120/TM4C123
    6 00000000         ; Use SSI0 to send an 8-bit code to the ST7735 160x128 p
                       ixel LCD.
    7 00000000         
    8 00000000         ; As part of Lab 7, students need to implement these LCD
                       _WriteCommand and LCD_WriteData
    9 00000000         ; This driver assumes two low-level LCD functions
   10 00000000         
   11 00000000         ; Backlight (pin 10) connected to +3.3 V
   12 00000000         ; MISO (pin 9) unconnected
   13 00000000         ; SCK (pin 8) connected to PA2 (SSI0Clk)
   14 00000000         ; MOSI (pin 7) connected to PA5 (SSI0Tx)
   15 00000000         ; TFT_CS (pin 6) connected to PA3 (SSI0Fss)
   16 00000000         ; CARD_CS (pin 5) unconnected
   17 00000000         ; Data/Command (pin 4) connected to PA6 (GPIO)
   18 00000000         ; RESET (pin 3) connected to PA7 (GPIO)
   19 00000000         ; VCC (pin 2) connected to +3.3 V
   20 00000000         ; Gnd (pin 1) connected to ground
   21 00000000         
   22 00000000 400043FC 
                       GPIO_PORTA_DATA_R
                               EQU              0x400043FC
   23 00000000 40008008 
                       SSI0_DR_R
                               EQU              0x40008008
   24 00000000 4000800C 
                       SSI0_SR_R
                               EQU              0x4000800C
   25 00000000 00000004 
                       SSI_SR_RNE
                               EQU              0x00000004  ; SSI Receive FIFO 
                                                            Not Empty
   26 00000000 00000010 
                       SSI_SR_BSY
                               EQU              0x00000010  ; SSI Busy Bit
   27 00000000 00000002 
                       SSI_SR_TNF
                               EQU              0x00000002  ; SSI Transmit FIFO
                                                             Not Full
   28 00000000         
   29 00000000                 EXPORT           writecommand
   30 00000000                 EXPORT           writedata
   31 00000000         
   32 00000000                 AREA             |.text|, CODE, READONLY, ALIGN=
2
   33 00000000                 THUMB
   34 00000000                 ALIGN
   35 00000000         
   36 00000000         ; The Data/Command pin must be valid when the eighth bit
                        is
   37 00000000         ; sent.  The SSI module has hardware input and output FI
                       FOs
   38 00000000         ; that are 8 locations deep.  Based on the observation t
                       hat
   39 00000000         ; the LCD interface tends to send a few commands and the



ARM Macro Assembler    Page 2 


                       n a
   40 00000000         ; lot of data, the FIFOs are not used when writing
   41 00000000         ; commands, and they are used when writing data.  This
   42 00000000         ; ensures that the Data/Command pin status matches the b
                       yte
   43 00000000         ; that is actually being transmitted.
   44 00000000         ; The write command operation waits until all data has b
                       een
   45 00000000         ; sent, configures the Data/Command pin for commands, se
                       nds
   46 00000000         ; the command, and then waits for the transmission to
   47 00000000         ; finish.
   48 00000000         ; The write data operation waits until there is room in 
                       the
   49 00000000         ; transmit FIFO, configures the Data/Command pin for dat
                       a,
   50 00000000         ; and then adds the data to the transmit FIFO.
   51 00000000         ; NOTE: These functions will crash or stall indefinitely
                        if
   52 00000000         ; the SSI0 module is not initialized and enabled.
   53 00000000         
   54 00000000         ; This is a helper function that sends an 8-bit command 
                       to the LCD.
   55 00000000         ; Input: R0  8-bit command to transmit
   56 00000000         ; Output: none
   57 00000000         ; Assumes: SSI0 and port A have already been initialized
                        and enabled
   58 00000000         writecommand
   59 00000000         ;1) Read SSI0_SR_R and check bit 4, 
   60 00000000         ;2) If bit 4 is high, loop back to step 1 (wait for BUSY
                        bit to be low)
   61 00000000         ;3) Clear D/C=PA6 to zero
   62 00000000         ;4) Write the command to SSI0_DR_R
   63 00000000         ;5) Read SSI0_SR_R and check bit 4, 
   64 00000000         ;6) If bit 4 is high, loop back to step 5 (wait for BUSY
                        bit to be low)
   65 00000000 B506            PUSH             {R1-R2, LR}
   66 00000002         STEP1
   67 00000002 4913            LDR              R1, =SSI0_SR_R
   68 00000004 6809            LDR              R1, [R1]
   69 00000006 F001 0110       AND              R1, #0x010
   70 0000000A 2910            CMP              R1, #0x10
   71 0000000C D0F9            BEQ              STEP1
   72 0000000E         
   73 0000000E 4911            LDR              R1, =GPIO_PORTA_DATA_R
   74 00000010 680A            LDR              R2, [R1]
   75 00000012 F022 0240       BIC              R2, #0x40
   76 00000016 600A            STR              R2, [R1]
   77 00000018         
   78 00000018 4A0F            LDR              R2, =SSI0_DR_R
   79 0000001A 6010            STR              R0, [R2]
   80 0000001C         
   81 0000001C         
   82 0000001C         STEP2
   83 0000001C 490C            LDR              R1, =SSI0_SR_R
   84 0000001E 6809            LDR              R1, [R1]
   85 00000020 F001 0110       AND              R1, #0x10
   86 00000024 2910            CMP              R1, #0x10
   87 00000026 D0F9            BEQ              STEP2



ARM Macro Assembler    Page 3 


   88 00000028         
   89 00000028 E8BD 4006       POP{R1-R2,       LR}
   90 0000002C 4770            BX               LR          ;   return
   91 0000002E         
   92 0000002E         ; This is a helper function that sends an 8-bit data to 
                       the LCD.
   93 0000002E         ; Input: R0  8-bit data to transmit
   94 0000002E         ; Output: none
   95 0000002E         ; Assumes: SSI0 and port A have already been initialized
                        and enabled
   96 0000002E         writedata
   97 0000002E B506            PUSH{R1-R2,      LR}
   98 00000030         ;; --UUU-- Code to write data to the LCD
   99 00000030         ;1) Read SSI0_SR_R and check bit 1, 
  100 00000030         ;2) If bit 1 is low loop back to step 1 (wait for TNF bi
                       t to be high)
  101 00000030         ;3) Set D/C=PA6 to one
  102 00000030         ;4) Write the 8-bit data to SSI0_DR_R
  103 00000030         STEP
  104 00000030 4907            LDR              R1, =SSI0_SR_R
  105 00000032 6809            LDR              R1, [R1]
  106 00000034 F001 0102       AND              R1, #0x02
  107 00000038 2902            CMP              R1, #0x02
  108 0000003A D1F9            BNE              STEP
  109 0000003C         
  110 0000003C 4905            LDR              R1, =GPIO_PORTA_DATA_R
  111 0000003E 680A            LDR              R2, [R1]
  112 00000040 F042 0240       ORR              R2, #0x040
  113 00000044 600A            STR              R2, [R1]
  114 00000046 4A04            LDR              R2, =SSI0_DR_R
  115 00000048 6010            STR              R0,[R2]
  116 0000004A E8BD 4006       POP{R1-R2,       LR}
  117 0000004E 4770            BX               LR          ;   return
  118 00000050                 ALIGN
  119 00000050         ;************
  120 00000050         
  121 00000050         ;***************************************************
  122 00000050         ; This is a library for the Adafruit 1.8" SPI display.
  123 00000050         ; This library works with the Adafruit 1.8" TFT Breakout
                        w/SD card
  124 00000050         ; ----> http://www.adafruit.com/products/358
  125 00000050         ; as well as Adafruit raw 1.8" TFT display
  126 00000050         ; ----> http://www.adafruit.com/products/618
  127 00000050         ;
  128 00000050         ; Check out the links above for our tutorials and wiring
                        diagrams
  129 00000050         ; These displays use SPI to communicate, 4 or 5 pins are
                        required to
  130 00000050         ; interface (RST is optional)
  131 00000050         ; Adafruit invests time and resources providing this ope
                       n source code,
  132 00000050         ; please support Adafruit and open-source hardware by pu
                       rchasing
  133 00000050         ; products from Adafruit!
  134 00000050         ;
  135 00000050         ; Written by Limor Fried/Ladyada for Adafruit Industries
                       .
  136 00000050         ; MIT license, all text above must be included in any re
                       distribution



ARM Macro Assembler    Page 4 


  137 00000050         ;****************************************************
  138 00000050         
  139 00000050                 ALIGN                        ; make sure the end
                                                             of this section is
                                                             aligned
  140 00000050                 END                          ; end of file
              4000800C 
              400043FC 
              40008008 
Command Line: --debug --xref --diag_suppress=9931 --cpu=Cortex-M4 --apcs=interw
ork --depend=.\lcd.d -o.\lcd.o -I.\RTE\_SpaceInvaders -IC:\Users\natas\AppData\
Local\Arm\Packs\ARM\CMSIS\5.6.0\CMSIS\Core\Include -IC:\Users\natas\AppData\Loc
al\Arm\Packs\Keil\TM4C_DFP\1.1.0\Device\Include\TM4C123 --predefine="__EVAL SET
A 1" --predefine="__UVISION_VERSION SETA 529" --predefine="_RTE_ SETA 1" --pred
efine="TM4C123GH6PM SETA 1" --list=.\lcd.lst LCD.s



ARM Macro Assembler    Page 1 Alphabetic symbol ordering
Relocatable symbols

.text 00000000

Symbol: .text
   Definitions
      At line 32 in file LCD.s
   Uses
      None
Comment: .text unused
STEP 00000030

Symbol: STEP
   Definitions
      At line 103 in file LCD.s
   Uses
      At line 108 in file LCD.s
Comment: STEP used once
STEP1 00000002

Symbol: STEP1
   Definitions
      At line 66 in file LCD.s
   Uses
      At line 71 in file LCD.s
Comment: STEP1 used once
STEP2 0000001C

Symbol: STEP2
   Definitions
      At line 82 in file LCD.s
   Uses
      At line 87 in file LCD.s
Comment: STEP2 used once
writecommand 00000000

Symbol: writecommand
   Definitions
      At line 58 in file LCD.s
   Uses
      At line 29 in file LCD.s
Comment: writecommand used once
writedata 0000002E

Symbol: writedata
   Definitions
      At line 96 in file LCD.s
   Uses
      At line 30 in file LCD.s
Comment: writedata used once
6 symbols



ARM Macro Assembler    Page 1 Alphabetic symbol ordering
Absolute symbols

GPIO_PORTA_DATA_R 400043FC

Symbol: GPIO_PORTA_DATA_R
   Definitions
      At line 22 in file LCD.s
   Uses
      At line 73 in file LCD.s
      At line 110 in file LCD.s

SSI0_DR_R 40008008

Symbol: SSI0_DR_R
   Definitions
      At line 23 in file LCD.s
   Uses
      At line 78 in file LCD.s
      At line 114 in file LCD.s

SSI0_SR_R 4000800C

Symbol: SSI0_SR_R
   Definitions
      At line 24 in file LCD.s
   Uses
      At line 67 in file LCD.s
      At line 83 in file LCD.s
      At line 104 in file LCD.s

SSI_SR_BSY 00000010

Symbol: SSI_SR_BSY
   Definitions
      At line 26 in file LCD.s
   Uses
      None
Comment: SSI_SR_BSY unused
SSI_SR_RNE 00000004

Symbol: SSI_SR_RNE
   Definitions
      At line 25 in file LCD.s
   Uses
      None
Comment: SSI_SR_RNE unused
SSI_SR_TNF 00000002

Symbol: SSI_SR_TNF
   Definitions
      At line 27 in file LCD.s
   Uses
      None
Comment: SSI_SR_TNF unused
6 symbols
348 symbols in table
